2014-02-25 20:16:20,562 ###############New Run###############
2014-02-25 20:16:28,339 ###############New Run###############
2014-02-25 20:16:28,341 Discpline is: args.discpline
2014-02-25 20:16:28,341 Grade level is: args.grade
2014-02-25 20:16:28,341 Removing any old CCSS files
2014-02-25 20:16:28,362 Downloading the latest ELA CCSS file
2014-02-25 20:17:34,762 ###############New Run###############
2014-02-25 20:17:34,764 Discpline is: args.discpline
2014-02-25 20:17:34,764 Grade level is: args.grade
2014-02-25 20:17:34,764 Removing any old CCSS files
2014-02-25 20:17:34,782 Downloading the latest ELA CCSS file
2014-02-25 20:19:11,788 ###############New Run###############
2014-02-25 20:19:11,790 Discpline is: args.discpline
2014-02-25 20:19:11,790 Grade level is: args.grade
2014-02-25 20:19:11,790 Removing any old CCSS files
2014-02-25 20:19:11,810 Downloading the latest ELA CCSS file
2014-02-25 20:19:11,983 Downloading the latest Math CCSS
2014-02-25 20:19:12,216 Download complete
2014-02-25 20:19:12,216 Starting parser...
2014-02-25 20:20:21,225 ###############New Run###############
2014-02-25 20:20:21,227 Discpline is: args.discpline
2014-02-25 20:20:21,227 Grade level is: args.grade
2014-02-25 20:20:21,227 Removing any old CCSS files
2014-02-25 20:20:21,247 Downloading the latest ELA CCSS file
2014-02-25 20:20:21,462 Downloading the latest Math CCSS
2014-02-25 20:20:21,670 Download complete
2014-02-25 20:20:21,670 Starting parser...
2014-02-25 20:22:22,732 ###############New Run###############
2014-02-25 20:22:22,733 Discpline is: args.discpline
2014-02-25 20:22:22,733 Grade level is: args.grade
2014-02-25 20:22:22,733 Removing any old CCSS files
2014-02-25 20:22:22,753 Downloading the latest ELA CCSS file
2014-02-25 20:22:22,931 Downloading the latest Math CCSS
2014-02-25 20:22:23,170 Download complete
2014-02-25 20:22:23,170 Starting parser...
2014-02-25 20:22:44,951 ###############New Run###############
2014-02-25 20:22:44,952 Discpline is: args.discpline
2014-02-25 20:22:44,953 Grade level is: args.grade
2014-02-25 20:22:44,953 Removing any old CCSS files
2014-02-25 20:22:44,972 Downloading the latest ELA CCSS file
2014-02-25 20:22:45,145 Downloading the latest Math CCSS
2014-02-25 20:22:45,376 Download complete
2014-02-25 20:22:45,376 Starting parser...
2014-02-25 20:23:20,944 ###############New Run###############
2014-02-25 20:23:20,945 Discpline is: args.discpline
2014-02-25 20:23:20,946 Grade level is: args.grade
2014-02-25 20:23:20,946 Removing any old CCSS files
2014-02-25 20:23:20,965 Downloading the latest ELA CCSS file
2014-02-25 20:23:21,069 Downloading the latest Math CCSS
2014-02-25 20:23:21,222 Download complete
2014-02-25 20:23:21,222 Starting parser...
2014-02-25 20:31:04,311 ###############New Run###############
2014-02-25 20:31:04,313 Discpline is: args.discpline
2014-02-25 20:31:04,313 Grade level is: args.grade
2014-02-25 20:31:04,313 Removing any old CCSS files
2014-02-25 20:31:04,332 Downloading the latest ELA CCSS file
2014-02-25 20:31:04,507 Downloading the latest Math CCSS
2014-02-25 20:31:04,738 Download complete
2014-02-25 20:31:04,738 Starting parser...
2014-02-25 20:31:32,110 ###############New Run###############
2014-02-25 20:31:32,111 Discpline is: args.discpline
2014-02-25 20:31:32,111 Grade level is: args.grade
2014-02-25 20:31:32,112 Removing any old CCSS files
2014-02-25 20:31:32,132 Downloading the latest Math CCSS file
2014-02-25 20:32:08,938 ###############New Run###############
2014-02-25 20:32:08,939 Discpline is: args.discpline
2014-02-25 20:32:08,940 Grade level is: args.grade
2014-02-25 20:32:08,940 Removing any old CCSS files
2014-02-25 20:32:08,958 Downloading the latest Math CCSS file
2014-02-25 20:32:09,132 Downloading the latest Math CCSS
2014-02-25 20:32:09,305 Download complete
2014-02-25 20:34:51,683 ###############New Run###############
2014-02-25 20:34:51,684 Discpline is: args.discpline
2014-02-25 20:34:51,685 Grade level is: args.grade
2014-02-25 20:34:51,685 Removing any old CCSS files
2014-02-25 20:34:51,685 xml-in.xml DELETED
2014-02-25 20:34:51,685 Downloading the latest Math CCSS file
2014-02-25 20:34:51,860 Downloading the latest Math CCSS
2014-02-25 20:34:52,024 Download complete
2014-02-25 20:35:03,422 ###############New Run###############
2014-02-25 20:35:03,424 Discpline is: args.discpline
2014-02-25 20:35:03,424 Grade level is: args.grade
2014-02-25 20:35:03,424 Removing any old CCSS files
2014-02-25 20:35:03,424 xml-in.xml DELETED
2014-02-25 20:35:03,424 Downloading the latest Math CCSS file
2014-02-25 20:35:03,601 Downloading the latest Math CCSS
2014-02-25 20:35:03,772 Download complete
2014-02-25 20:36:35,536 ###############New Run###############
2014-02-25 20:36:35,538 Discpline is: args.discpline
2014-02-25 20:36:35,538 Grade level is: args.grade
2014-02-25 20:36:35,538 Removing any old CCSS files
2014-02-25 20:36:35,538  could not found any old file to remove...
2014-02-25 20:36:35,538 Downloading the latest Math CCSS file
2014-02-25 20:36:35,713 Downloading the latest Math CCSS
2014-02-25 20:36:35,885 Download complete
2014-02-25 20:37:02,156 ###############New Run###############
2014-02-25 20:37:02,158 Discpline is: args.discpline
2014-02-25 20:37:02,158 Grade level is: args.grade
2014-02-25 20:37:02,158 Removing any old CCSS files
2014-02-25 20:37:02,159 xml-in.xml DELETED
2014-02-25 20:37:02,159 Downloading the latest Math CCSS file
2014-02-25 20:37:02,333 Downloading the latest Math CCSS
2014-02-25 20:37:02,496 Download complete
2014-02-25 20:37:40,442 ###############New Run###############
2014-02-25 20:37:40,444 Discpline is: args.discpline
2014-02-25 20:37:40,444 Grade level is: args.grade
2014-02-25 20:37:40,444 Removing any old CCSS files
2014-02-25 20:37:40,445 xml-in.xml DELETED
2014-02-25 20:37:40,545 Downloading the latest Math CCSS
2014-02-25 20:37:40,622 Download complete
2014-02-25 20:41:34,223 ###############New Run###############
2014-02-25 20:41:34,225 Discpline is: args.discpline
2014-02-25 20:41:34,225 Grade level is: args.grade
2014-02-25 20:41:34,225 Removing any old CCSS files
2014-02-25 20:41:34,226 xml-in.xml DELETED
2014-02-25 20:41:34,402 Downloading the latest Math CCSS
2014-02-25 20:41:34,581 Download complete
2014-02-25 20:41:38,838 ###############New Run###############
2014-02-25 20:41:38,840 Discpline is: args.discpline
2014-02-25 20:41:38,840 Grade level is: args.grade
2014-02-25 20:41:38,840 Removing any old CCSS files
2014-02-25 20:41:38,841 xml-in.xml DELETED
2014-02-25 20:41:39,014 Downloading the latest Math CCSS
2014-02-25 20:41:39,207 Download complete
2014-02-25 20:41:42,800 ###############New Run###############
2014-02-25 20:41:42,802 Discpline is: args.discpline
2014-02-25 20:41:42,802 Grade level is: args.grade
2014-02-25 20:41:42,802 Removing any old CCSS files
2014-02-25 20:41:42,803 xml-in.xml DELETED
2014-02-25 20:41:42,984 Downloading the latest Math CCSS
2014-02-25 20:41:43,222 Download complete
2014-02-25 20:41:43,222 Starting parser...
2014-02-25 20:46:14,711 ###############New Run###############
2014-02-25 20:46:14,712 Discpline is: args.discpline
2014-02-25 20:46:14,712 Grade level is: args.grade
2014-02-25 20:46:14,713 Removing any old CCSS files
2014-02-25 20:46:14,713 xml-in.xml DELETED
2014-02-25 20:46:14,886 Downloading the latest Math CCSS
2014-02-25 20:46:15,213 Download complete
2014-02-25 20:46:15,213 Starting parser...
2014-02-25 20:46:21,863 ###############New Run###############
2014-02-25 20:46:21,864 Discpline is: args.discpline
2014-02-25 20:46:21,864 Grade level is: args.grade
2014-02-25 20:46:21,865 Removing any old CCSS files
2014-02-25 20:46:21,865 xml-in.xml DELETED
2014-02-25 20:46:22,036 Downloading the latest Math CCSS
2014-02-25 20:46:22,204 Download complete
2014-02-25 20:46:25,803 ###############New Run###############
2014-02-25 20:46:25,805 Discpline is: args.discpline
2014-02-25 20:46:25,805 Grade level is: args.grade
2014-02-25 20:46:25,805 Removing any old CCSS files
2014-02-25 20:46:25,805 xml-in.xml DELETED
2014-02-25 20:46:25,806 Unsupported discpline:, args.discpline
2014-02-25 20:46:51,688 ###############New Run###############
2014-02-25 20:46:51,689 Discpline is: args.discpline
2014-02-25 20:46:51,689 Grade level is: args.grade
2014-02-25 20:46:51,689 Removing any old CCSS files
2014-02-25 20:46:51,690 Could not found any old file to remove...
2014-02-25 20:46:51,791 Downloading the latest Math CCSS
2014-02-25 20:46:52,087 Download complete
2014-02-25 20:46:52,087 Starting parser...
2014-02-25 20:47:44,994 ###############New Run###############
2014-02-25 20:47:44,996 Discpline is: args.discpline
2014-02-25 20:47:44,996 Grade level is: args.grade
2014-02-25 20:47:44,996 Removing any old CCSS files
2014-02-25 20:47:44,997 xml-in.xml DELETED
2014-02-25 20:47:45,173 Downloading the latest Math CCSS
2014-02-25 20:47:45,626 Download complete
2014-02-25 20:47:45,627 Starting parser...
2014-02-25 20:48:47,531 ###############New Run###############
2014-02-25 20:48:47,533 Discpline is: args.discpline
2014-02-25 20:48:47,533 Grade level is: args.grade
2014-02-25 20:48:47,533 Removing any old CCSS files
2014-02-25 20:48:47,534 xml-in.xml DELETED
2014-02-25 20:48:47,534 Downloading the latest Ela CCSS
2014-02-25 20:48:48,048 Download complete
2014-02-25 20:48:48,049 Starting parser...
2014-02-25 20:48:55,060 ###############New Run###############
2014-02-25 20:48:55,062 Discpline is: args.discpline
2014-02-25 20:48:55,062 Grade level is: args.grade
2014-02-25 20:48:55,062 Removing any old CCSS files
2014-02-25 20:48:55,063 xml-in.xml DELETED
2014-02-25 20:48:55,063 Unsupported discpline:, args.discpline
2014-02-25 20:49:01,016 ###############New Run###############
2014-02-25 20:49:01,018 Discpline is: args.discpline
2014-02-25 20:49:01,019 Grade level is: args.grade
2014-02-25 20:49:01,019 Removing any old CCSS files
2014-02-25 20:49:01,019 Could not found any old file to remove...
2014-02-25 20:49:01,019 Downloading the latest Math CCSS
2014-02-25 20:49:01,483 Download complete
