2014-02-18 19:34:13,649 Downloading the latest ELA CCSS file
2014-02-18 19:34:13,665 Downloading the latest Math CCSS
2014-02-18 19:34:13,665 Download complete
2014-02-18 19:37:18,725 Downloading the latest ELA CCSS file
2014-02-18 19:37:18,738 Downloading the latest Math CCSS
2014-02-18 19:38:00,324 Downloading the latest ELA CCSS file
2014-02-18 19:38:00,338 Downloading the latest Math CCSS
2014-02-18 19:38:51,344 Downloading the latest ELA CCSS file
2014-02-18 19:38:51,356 Downloading the latest Math CCSS
2014-02-18 19:39:25,174 Downloading the latest ELA CCSS file
2014-02-18 19:39:25,190 Downloading the latest Math CCSS
2014-02-18 19:39:25,190 Download complete
2014-02-18 19:39:59,020 Downloading the latest ELA CCSS file
2014-02-18 19:39:59,033 Downloading the latest Math CCSS
2014-02-18 19:39:59,034 Download complete
2014-02-18 19:40:45,360 Downloading the latest ELA CCSS file
2014-02-18 19:40:45,375 Downloading the latest Math CCSS
2014-02-18 19:41:04,373 Downloading the latest ELA CCSS file
2014-02-18 19:41:04,385 Downloading the latest Math CCSS
2014-02-18 19:41:04,385 Download complete
2014-02-18 19:41:33,964 Downloading the latest ELA CCSS file
2014-02-18 19:41:33,976 Downloading the latest Math CCSS
2014-02-18 19:42:00,068 Downloading the latest ELA CCSS file
2014-02-18 19:42:00,081 Downloading the latest Math CCSS
2014-02-18 19:43:49,984 Downloading the latest ELA CCSS file
2014-02-18 19:43:49,997 Downloading the latest Math CCSS
2014-02-18 19:44:07,090 Downloading the latest ELA CCSS file
2014-02-18 19:44:07,103 Downloading the latest Math CCSS
2014-02-18 19:44:23,620 Downloading the latest ELA CCSS file
2014-02-18 19:44:23,633 Downloading the latest Math CCSS
2014-02-18 19:45:35,544 Downloading the latest ELA CCSS file
2014-02-18 19:45:35,557 Downloading the latest Math CCSS
2014-02-18 19:45:35,558 Download complete
2014-02-19 16:30:15,366 Downloading the latest ELA CCSS file
2014-02-19 16:30:15,403 Downloading the latest Math CCSS
2014-02-19 16:30:15,413 Download complete
2014-02-19 17:05:56,025 Downloading the latest Math CCSS file
2014-02-19 17:05:56,039 Downloading the latest Math CCSS
2014-02-19 17:05:56,039 Download complete
2014-02-19 18:09:07,651 Downloading the latest ELA CCSS file
2014-02-19 18:09:22,334 Downloading the latest ELA CCSS file
2014-02-19 18:13:23,963 Downloading the latest ELA CCSS file
2014-02-19 18:14:13,507 Downloading the latest ELA CCSS file
2014-02-19 18:14:42,329 Downloading the latest ELA CCSS file
2014-02-19 18:15:06,867 Downloading the latest ELA CCSS file
2014-02-19 18:22:58,038 Deleting any old ELA CCSS file
2014-02-19 18:22:58,038 Downloading the latest ELA CCSS file
2014-02-19 18:22:58,446 Starting parser...
2014-02-19 18:26:25,182 Removing any old CCSS files
2014-02-19 18:26:25,205 Downloading the latest ELA CCSS file
2014-02-19 18:26:25,603 Starting parser...
